0 info it worked if it ends with ok
1 verbose cli [ '/usr/local/bin/node', '/usr/local/bin/npm', 'publish' ]
2 info using npm@3.7.5
3 info using node@v5.0.0
4 verbose publish [ '.' ]
5 silly cache add args [ '.', null ]
6 verbose cache add spec .
7 silly cache add parsed spec Result {
7 silly cache add   raw: '.',
7 silly cache add   scope: null,
7 silly cache add   name: null,
7 silly cache add   rawSpec: '.',
7 silly cache add   spec: '/Users/zyg/Documents/ajaxLite',
7 silly cache add   type: 'directory' }
8 verbose addLocalDirectory /Users/zyg/.npm/ajax-lite/0.0.14/package.tgz not in flight; packing
9 verbose correctMkdir /Users/zyg/.npm correctMkdir not in flight; initializing
10 info lifecycle ajax-lite@0.0.14~prepublish: ajax-lite@0.0.14
11 silly lifecycle ajax-lite@0.0.14~prepublish: no script for prepublish, continuing
12 verbose tar pack [ '/Users/zyg/.npm/ajax-lite/0.0.14/package.tgz',
12 verbose tar pack   '/Users/zyg/Documents/ajaxLite' ]
13 verbose tarball /Users/zyg/.npm/ajax-lite/0.0.14/package.tgz
14 verbose folder /Users/zyg/Documents/ajaxLite
15 verbose addLocalTarball adding from inside cache /Users/zyg/.npm/ajax-lite/0.0.14/package.tgz
16 verbose correctMkdir /Users/zyg/.npm correctMkdir not in flight; initializing
17 silly cache afterAdd ajax-lite@0.0.14
18 verbose afterAdd /Users/zyg/.npm/ajax-lite/0.0.14/package/package.json not in flight; writing
19 verbose correctMkdir /Users/zyg/.npm correctMkdir not in flight; initializing
20 verbose afterAdd /Users/zyg/.npm/ajax-lite/0.0.14/package/package.json written
21 silly publish { name: 'ajax-lite',
21 silly publish   description: 'Ajax module in Vanilla JS',
21 silly publish   version: '0.0.14',
21 silly publish   main: 'src/ajax.js',
21 silly publish   directories: { test: 'test' },
21 silly publish   repository: { type: 'git', url: 'git+https://github.com/zhouyg/ajax.git' },
21 silly publish   keywords: [ 'ajax', 'xmlhttprequest', 'xhr' ],
21 silly publish   author: { name: 'Fernando Daciuk' },
21 silly publish   license: 'MIT',
21 silly publish   bugs: { url: 'https://github.com/zhou-yg/ajax/issues' },
21 silly publish   homepage: 'https://github.com/zhouyg/ajax',
21 silly publish   scripts: { test: 'gulp test', pub: 'npm publish --access=public' },
21 silly publish   devDependencies:
21 silly publish    { 'body-parser': '^1.13.2',
21 silly publish      chai: '^2.3.0',
21 silly publish      connect: '^3.4.0',
21 silly publish      'connect-route': '^0.1.5',
21 silly publish      gulp: '^3.9.0',
21 silly publish      'gulp-concat': '^2.5.2',
21 silly publish      'gulp-header': '^1.2.2',
21 silly publish      'gulp-jscs': '^1.6.0',
21 silly publish      'gulp-jshint': '^1.11.2',
21 silly publish      'gulp-mocha': '^2.1.3',
21 silly publish      'gulp-mocha-phantomjs': '^0.8.0',
21 silly publish      'gulp-uglify': '^1.2.0',
21 silly publish      karma: '^0.12.37',
21 silly publish      'karma-coverage': '^0.3.1',
21 silly publish      'karma-mocha': '^0.1.10',
21 silly publish      'karma-mocha-reporter': '^1.0.2',
21 silly publish      'karma-phantomjs-launcher': '^0.1.4',
21 silly publish      mocha: '^2.2.5',
21 silly publish      plato: '^1.5.0' },
21 silly publish   readme: '# Ajax\n> Ajax module in Vanilla JS\n\nfork by https://github.com/fdaciuk/ajax\n',
21 silly publish   readmeFilename: 'README.md',
21 silly publish   gitHead: 'fd18e6d0c5ab2cd78cddb8ca0aa4b63ffa46a0cb',
21 silly publish   _id: 'ajax-lite@0.0.14',
21 silly publish   _shasum: '8e1173d458bc5ca5af0482b552775df95105447b',
21 silly publish   _from: '.' }
22 verbose getPublishConfig undefined
23 silly mapToRegistry name ajax-lite
24 silly mapToRegistry using default registry
25 silly mapToRegistry registry https://registry.npmjs.org/
26 silly mapToRegistry uri https://registry.npmjs.org/ajax-lite
27 verbose publish registryBase https://registry.npmjs.org/
28 silly publish uploading /Users/zyg/.npm/ajax-lite/0.0.14/package.tgz
29 verbose request uri https://registry.npmjs.org/ajax-lite
30 verbose request sending authorization for write operation
31 info attempt registry request try #1 at 6:43:54 PM
32 verbose request using bearer token for auth
33 verbose request id 10c676cf77634c91
34 http request PUT https://registry.npmjs.org/ajax-lite
35 http 403 https://registry.npmjs.org/ajax-lite
36 verbose headers { 'content-type': 'application/json',
36 verbose headers   'cache-control': 'max-age=300',
36 verbose headers   'content-length': '96',
36 verbose headers   'accept-ranges': 'bytes',
36 verbose headers   date: 'Thu, 28 Jul 2016 10:43:44 GMT',
36 verbose headers   via: '1.1 varnish',
36 verbose headers   connection: 'keep-alive',
36 verbose headers   'x-served-by': 'cache-hkg6824-HKG',
36 verbose headers   'x-cache': 'MISS',
36 verbose headers   'x-cache-hits': '0',
36 verbose headers   'x-timer': 'S1469702623.536301,VS0,VE780',
36 verbose headers   vary: 'Accept-Encoding' }
37 verbose request invalidating /Users/zyg/.npm/registry.npmjs.org/ajax-lite on PUT
38 error publish Failed PUT 403
39 verbose stack Error: "You cannot publish over the previously published version 0.0.14." : ajax-lite
39 verbose stack     at makeError (/usr/local/lib/node_modules/npm/node_modules/npm-registry-client/lib/request.js:264:12)
39 verbose stack     at CachingRegistryClient.<anonymous> (/usr/local/lib/node_modules/npm/node_modules/npm-registry-client/lib/request.js:252:14)
39 verbose stack     at Request._callback (/usr/local/lib/node_modules/npm/node_modules/npm-registry-client/lib/request.js:172:14)
39 verbose stack     at Request.self.callback (/usr/local/lib/node_modules/npm/node_modules/request/request.js:199:22)
39 verbose stack     at emitTwo (events.js:87:13)
39 verbose stack     at Request.emit (events.js:172:7)
39 verbose stack     at Request.<anonymous> (/usr/local/lib/node_modules/npm/node_modules/request/request.js:1036:10)
39 verbose stack     at emitOne (events.js:82:20)
39 verbose stack     at Request.emit (events.js:169:7)
39 verbose stack     at IncomingMessage.<anonymous> (/usr/local/lib/node_modules/npm/node_modules/request/request.js:963:12)
40 verbose statusCode 403
41 verbose pkgid ajax-lite
42 verbose cwd /Users/zyg/Documents/ajaxLite
43 error Darwin 15.2.0
44 error argv "/usr/local/bin/node" "/usr/local/bin/npm" "publish"
45 error node v5.0.0
46 error npm  v3.7.5
47 error code E403
48 error "You cannot publish over the previously published version 0.0.14." : ajax-lite
49 error If you need help, you may report this error at:
49 error     <https://github.com/npm/npm/issues>
50 verbose exit [ 1, true ]
